<?xml version="1.0" encoding="UTF-8"?>
<!-- Generated by org.testng.reporters.JUnitXMLReporter -->
<testsuite hostname="LAPTOP-43MOIMNV" ignored="0" name="AlertsTests" tests="3" failures="0" timestamp="23 Dec 2020 02:30:34 GMT" time="41.602" errors="0">
  <testcase name="jsAlertTest" time="3.649" classname="net.thomasmaestas.selenium.alertstests.AlertsTests"/>
  <testcase name="jsDismissTest" time="3.895" classname="net.thomasmaestas.selenium.alertstests.AlertsTests"/>
  <testcase name="jsPromptTest" time="6.105" classname="net.thomasmaestas.selenium.alertstests.AlertsTests"/>
</testsuite> <!-- AlertsTests -->
