<?xml version="1.0" encoding="UTF-8"?>
<!-- Generated by org.testng.reporters.JUnitXMLReporter -->
<testsuite hostname="LAPTOP-43MOIMNV" ignored="0" name="AlertsTests" tests="3" failures="0" timestamp="20 Dec 2020 03:28:11 GMT" time="40.745" errors="0">
  <testcase name="jsAlertTest" time="3.572" classname="net.thomasmaestas.selenium.alertstests.AlertsTests"/>
  <testcase name="jsDismissTest" time="3.911" classname="net.thomasmaestas.selenium.alertstests.AlertsTests"/>
  <testcase name="jsPromptTest" time="4.815" classname="net.thomasmaestas.selenium.alertstests.AlertsTests"/>
</testsuite> <!-- AlertsTests -->
