<?xml version="1.0" encoding="UTF-8"?>
<!-- Generated by org.testng.reporters.JUnitXMLReporter -->
<testsuite hostname="LAPTOP-43MOIMNV" ignored="0" name="UploadTests" tests="3" failures="0" timestamp="20 Dec 2020 03:28:44 GMT" time="33.217" errors="0">
  <testcase name="fileUploadTest" time="1.997" classname="net.thomasmaestas.selenium.uploadtests.UploadTests"/>
  <testcase name="fileUploadTest" time="1.852" classname="net.thomasmaestas.selenium.uploadtests.UploadTests"/>
  <testcase name="fileUploadTest" time="1.394" classname="net.thomasmaestas.selenium.uploadtests.UploadTests"/>
</testsuite> <!-- UploadTests -->
