<?xml version="1.0" encoding="UTF-8"?>
<!-- Generated by org.testng.reporters.JUnitXMLReporter -->
<testsuite hostname="LAPTOP-43MOIMNV" ignored="0" name="UploadTests" tests="3" failures="0" timestamp="23 Dec 2020 02:31:14 GMT" time="39.809" errors="0">
  <testcase name="fileUploadTest" time="1.306" classname="net.thomasmaestas.selenium.uploadtests.UploadTests"/>
  <testcase name="fileUploadTest" time="7.357" classname="net.thomasmaestas.selenium.uploadtests.UploadTests"/>
  <testcase name="fileUploadTest" time="2.612" classname="net.thomasmaestas.selenium.uploadtests.UploadTests"/>
</testsuite> <!-- UploadTests -->
