<?xml version="1.0" encoding="UTF-8"?>
<!-- Generated by org.testng.reporters.JUnitXMLReporter -->
<testsuite hostname="Rev-RyanSchlientz" name="SSB Character Tests" tests="3" failures="0" timestamp="24 Jan 2020 16:04:04 GMT" time="6.394" errors="0">
  <testcase name="characterExists" time="1.848" classname="com.revature.charactertesting.CharacterSearchTest"/>
  <testcase name="characterExists" time="1.515" classname="com.revature.charactertesting.CharacterSearchTest"/>
  <testcase name="characterExists" time="1.489" classname="com.revature.charactertesting.CharacterSearchTest"/>
</testsuite> <!-- SSB Character Tests -->
