<?xml version="1.0" encoding="UTF-8"?>
<!-- Generated by org.testng.reporters.JUnitXMLReporter -->
<testsuite hostname="Phaedros" name="Default test" tests="3" failures="0" timestamp="9 Feb 2020 04:38:43 GMT" time="5.679" errors="0">
  <testcase name="characterExists" time="1.886" classname="com.revature.charactertesting.CharacterSearchTest"/>
  <testcase name="characterExists" time="1.424" classname="com.revature.charactertesting.CharacterSearchTest"/>
  <testcase name="characterExists" time="1.389" classname="com.revature.charactertesting.CharacterSearchTest"/>
</testsuite> <!-- Default test -->
