<?xml version="1.0" encoding="UTF-8"?>
<!-- Generated by org.testng.reporters.JUnitXMLReporter -->
<testsuite hostname="LAPTOP-43MOIMNV" ignored="0" name="KeyPressesTests" tests="2" failures="0" timestamp="20 Dec 2020 03:46:26 GMT" time="22.732" errors="0">
  <testcase name="pressKeyTest" time="1.05" classname="net.thomasmaestas.selenium.keypressestests.KeyPressesTests"/>
  <testcase name="pressKeyWithActionsTest" time="1.351" classname="net.thomasmaestas.selenium.keypressestests.KeyPressesTests"/>
</testsuite> <!-- KeyPressesTests -->
