<?xml version="1.0" encoding="UTF-8"?>
<!-- Generated by org.testng.reporters.JUnitXMLReporter -->
<testsuite hostname="LAPTOP-43MOIMNV" ignored="0" name="UploadTests" tests="3" failures="0" timestamp="20 Dec 2020 03:47:03 GMT" time="42.633" errors="0">
  <testcase name="fileUploadTest" time="8.176" classname="net.thomasmaestas.selenium.uploadtests.UploadTests"/>
  <testcase name="fileUploadTest" time="2.074" classname="net.thomasmaestas.selenium.uploadtests.UploadTests"/>
  <testcase name="fileUploadTest" time="2.833" classname="net.thomasmaestas.selenium.uploadtests.UploadTests"/>
</testsuite> <!-- UploadTests -->
